INFO  2023-09-16T17:41:26.489 ThreadId(18) [client:typescript] Client starting.
INFO  2023-09-16T17:41:26.602 ThreadId(18) [1P:op-localization/src/lib.rs:227] system locale detected as 'en-US'
INFO  2023-09-16T17:41:26.602 ThreadId(18) [1P:op-localization/src/lib.rs:253] selected translations for EN_US based on detected locale en-US
INFO  2023-09-16T17:41:26.603 ThreadId(18) [status:op-app/src/app.rs:532] App::new(1Password for Linux/81015001 (EN_US), /home/$USER/.config/1Password/1password.sqlite)
INFO  2023-09-16T17:41:26.610 ThreadId(18) [1P:data/op-db/src/db.rs:446] Table Integrity Check Succeeded
INFO  2023-09-16T17:41:26.611 ThreadId(18) [1P:data/op-db/src/db.rs:462] DB Integrity Check Succeeded
INFO  2023-09-16T17:41:26.611 ThreadId(18) [1P:data/op-db/src/db.rs:137] Starting DB at version: 29
INFO  2023-09-16T17:41:26.619 ThreadId(18) [1P:ssh/op-ssh-config/src/lib.rs:246] agent configured
INFO  2023-09-16T17:41:26.623 tokio-runtime-worker(ThreadId(13)) [1P:native-messaging/op-native-core-integration/src/lib.rs:329] Starting IPC listener on 1Password-BrowserSupport
INFO  2023-09-16T17:41:26.624 tokio-runtime-worker(ThreadId(13)) [1P:native-messaging/op-native-core-integration/src/lib.rs:341] Active native core integration is awaiting messages
INFO  2023-09-16T17:41:26.626 invocation_loop(ThreadId(25)) [1P:native-messaging/op-nm-installer/src/nix_utils.rs:68] Created NMH manifest at /home/$USER/.config/google-chrome/NativeMessagingHosts/com.1password.1password.json
INFO  2023-09-16T17:41:26.626 invocation_loop(ThreadId(25)) [1P:native-messaging/op-nm-installer/src/nix_utils.rs:68] Created NMH manifest at /home/$USER/.config/google-chrome-beta/NativeMessagingHosts/com.1password.1password.json
INFO  2023-09-16T17:41:26.626 invocation_loop(ThreadId(25)) [1P:native-messaging/op-nm-installer/src/nix_utils.rs:68] Created NMH manifest at /home/$USER/.config/google-chrome-unstable/NativeMessagingHosts/com.1password.1password.json
INFO  2023-09-16T17:41:26.626 invocation_loop(ThreadId(25)) [1P:native-messaging/op-nm-installer/src/nix_utils.rs:68] Created NMH manifest at /home/$USER/.config/chromium/NativeMessagingHosts/com.1password.1password.json
INFO  2023-09-16T17:41:26.626 invocation_loop(ThreadId(25)) [1P:native-messaging/op-nm-installer/src/nix_utils.rs:68] Created NMH manifest at /home/$USER/.config/microsoft-edge-dev/NativeMessagingHosts/com.1password.1password.json
INFO  2023-09-16T17:41:26.626 invocation_loop(ThreadId(25)) [1P:native-messaging/op-nm-installer/src/nix_utils.rs:68] Created NMH manifest at /home/$USER/.config/BraveSoftware/Brave-Browser/NativeMessagingHosts/com.1password.1password.json
INFO  2023-09-16T17:41:26.626 invocation_loop(ThreadId(25)) [1P:native-messaging/op-nm-installer/src/nix_utils.rs:68] Created NMH manifest at /home/$USER/.config/vivaldi/NativeMessagingHosts/com.1password.1password.json
INFO  2023-09-16T17:41:26.626 invocation_loop(ThreadId(25)) [1P:native-messaging/op-nm-installer/src/nix_utils.rs:68] Created NMH manifest at /home/$USER/.config/vivaldi-snapshot/NativeMessagingHosts/com.1password.1password.json
INFO  2023-09-16T17:41:26.626 invocation_loop(ThreadId(25)) [1P:native-messaging/op-nm-installer/src/nix_utils.rs:68] Created NMH manifest at /home/$USER/.mozilla/native-messaging-hosts/com.1password.1password.json
INFO  2023-09-16T17:41:26.626 invocation_loop(ThreadId(25)) [1P:native-messaging/op-nm-installer/src/nix_utils.rs:83] Successfully installed all native messaging manifests.
INFO  2023-09-16T17:41:26.629 tokio-runtime-worker(ThreadId(13)) [1P:ssh/op-agent-controller/src/desktop.rs:609] SSH Agent has started.
INFO  2023-09-16T17:41:26.629 tokio-runtime-worker(ThreadId(13)) [1P:ssh/op-agent-controller/src/desktop.rs:438] Starting filesystem watcher for SSH agent configuration directories...
ERROR 2023-09-16T17:41:26.629 tokio-runtime-worker(ThreadId(13)) [1P:/builds/dev/core/core/ssh/op-agent-controller/src/desktop.rs:439] Io(Os { code: 2, kind: NotFound, message: "No such file or directory" })
INFO  2023-09-16T17:41:26.897 invocation_loop(ThreadId(25)) [1P:op-app/src/app/backend/lock_screen.rs:75] System unlock is enabled: true
INFO  2023-09-16T17:41:26.905 tokio-runtime-worker(ThreadId(12)) [1P:op-app/src/app/backend/lock_screen.rs:91] Sys auth status NotSetup
INFO  2023-09-16T17:41:30.934 invocation_loop(ThreadId(25)) [1P:op-app/src/app/backend/lock_screen.rs:75] System unlock is enabled: true
INFO  2023-09-16T17:41:30.982 tokio-runtime-worker(ThreadId(7)) [1P:data/ext/op-account-ext-items/src/lib.rs:236] loaded 473 items in 5 vaults for account: 753HSVR54BGHDPQ2XMEZKMXEWU
INFO  2023-09-16T17:41:30.985 tokio-runtime-worker(ThreadId(12)) [1P:op-app/src/app/backend/unlock.rs:116] Lock state changed: Unlocked
INFO  2023-09-16T17:41:30.985 tokio-runtime-worker(ThreadId(12)) [1P:op-app/src/app/backend/unlock.rs:167] Processing unlocked account 753HSVR54BGHDPQ2XMEZKMXEWU
INFO  2023-09-16T17:41:31.035 tokio-runtime-worker(ThreadId(5)) [1P:data/op-account-system-unlock/src/lib.rs:520] Adding system unlock key. Verifying keysets can be decrypted.
INFO  2023-09-16T17:41:31.037 tokio-runtime-worker(ThreadId(5)) [1P:data/op-account-system-unlock/src/lib.rs:526] Adding system unlock key. Encrypting muk.
INFO  2023-09-16T17:41:31.048 ThreadId(22) [1P:data/op-account-system-unlock/src/lib.rs:532] Adding system unlock key. Updating account.
INFO  2023-09-16T17:41:32.675 tokio-runtime-worker(ThreadId(10)) [1P:op-b5-client/src/internal/unauthorized_session.rs:1048] Skipping MFA because server did not return MFA config
INFO  2023-09-16T17:41:33.095 invocation_loop(ThreadId(25)) [1P:op-app/src/app/backend/frontend.rs:22] Front end event: window closed
INFO  2023-09-16T17:41:33.371 tokio-runtime-worker(ThreadId(15)) [1P:op-syncer/src/sync_job.rs:315] synced account 753HSVR54BGHDPQ2XMEZKMXEWU (0.691546954s)
INFO  2023-09-16T17:41:33.372 tokio-runtime-worker(ThreadId(7)) [1P:data/op-file-transfer/src/lib.rs:563] find_and_complete_pending_uploads: '753HSVR54BGHDPQ2XMEZKMXEWU'
INFO  2023-09-16T17:41:33.783 tokio-runtime-worker(ThreadId(7)) [1P:data/ext/op-account-ext-syncer/src/lib.rs:259] The B5 Notifier for (753HSVR54BGHDPQ2XMEZKMXEWU) has connected, now monitoring for events.
INFO  2023-09-16T17:41:40.478 tokio-runtime-worker(ThreadId(26)) [1P:foundation/op-system-auth/src/lib.rs:291] Biometry is available for 1 or more accounts
INFO  2023-09-16T17:41:42.488 invocation_loop(ThreadId(25)) [1P:op-app/src/app/backend/auth_prompt.rs:46] invoked auth prompt unlock
ERROR 2023-09-16T17:41:44.633 tokio-runtime-worker(ThreadId(15)) [1P:foundation/op-system-auth/src/auk_protect.rs:272] Failed to retrieve secret from enclave EnclaveError(UnknownId)
ERROR 2023-09-16T17:41:44.633 tokio-runtime-worker(ThreadId(15)) [1P:foundation/op-system-auth/src/auk_protect.rs:272] Failed to retrieve secret from enclave EnclaveError(UnknownId)
INFO  2023-09-16T17:42:12.922 tokio-runtime-worker(ThreadId(15)) [1P:native-messaging/op-native-core-integration/src/lib.rs:407] Extension connecting.
INFO  2023-09-16T17:42:12.922 tokio-runtime-worker(ThreadId(15)) [1P:native-messaging/op-native-core-integration/src/lib.rs:409] Extension connection accepted.
