INFO  2023-09-16T15:00:18.257 ThreadId(18) [1P:op-settings/src/store/json_store.rs:117] Settings file "/home/$USER/.config/1Password/settings/settings.json" missing, using defaults.
INFO  2023-09-16T15:00:18.258 ThreadId(18) [client:typescript] Client starting.
ERROR 2023-09-16T15:00:18.335 ThreadId(18) [1P:ffi/op-core-node/src/lib.rs:775] Failed to load crash reports from disk: Os { code: 2, kind: NotFound, message: "No such file or directory" }
INFO  2023-09-16T15:00:18.336 ThreadId(18) [1P:op-localization/src/lib.rs:227] system locale detected as 'en-US'
INFO  2023-09-16T15:00:18.336 ThreadId(18) [1P:op-localization/src/lib.rs:253] selected translations for EN_US based on detected locale en-US
INFO  2023-09-16T15:00:18.336 ThreadId(18) [status:op-app/src/app.rs:532] App::new(1Password for Linux/81015001 (EN_US), /home/$USER/.config/1Password/1password.sqlite)
INFO  2023-09-16T15:00:18.336 ThreadId(18) [1P:data/op-db/src/db.rs:446] Table Integrity Check Succeeded
INFO  2023-09-16T15:00:18.336 ThreadId(18) [1P:data/op-db/src/db.rs:462] DB Integrity Check Succeeded
INFO  2023-09-16T15:00:18.336 ThreadId(18) [1P:data/op-db/src/db.rs:137] Starting DB at version: 0
INFO  2023-09-16T15:00:18.336 ThreadId(18) [1P:data/op-db/src/db.rs:152] Database is being created at '/home/$USER/.config/1Password/1password.sqlite' (sqlite: 3039002)
INFO  2023-09-16T15:00:18.351 ThreadId(18) [1P:data/op-db/src/db.rs:576] Updated DB Schema to version 001
INFO  2023-09-16T15:00:18.360 ThreadId(18) [1P:data/op-db/src/db.rs:598] Updated DB Schema to version 002
INFO  2023-09-16T15:00:18.373 ThreadId(18) [1P:data/op-db/src/db.rs:610] Updated DB Schema to version 003
INFO  2023-09-16T15:00:18.384 ThreadId(18) [1P:data/op-db/src/db.rs:626] Updated DB Schema to version 005
INFO  2023-09-16T15:00:18.398 ThreadId(18) [1P:data/op-db/src/db.rs:642] Updated DB Schema to version 006
INFO  2023-09-16T15:00:18.407 ThreadId(18) [1P:data/op-db/src/db.rs:656] Updated DB Schema to version 007
INFO  2023-09-16T15:00:18.420 ThreadId(18) [1P:data/op-db/src/db.rs:670] Updated DB Schema to version 008
INFO  2023-09-16T15:00:18.432 ThreadId(18) [1P:data/op-db/src/db.rs:684] Updated DB Schema to version 009
INFO  2023-09-16T15:00:18.445 ThreadId(18) [1P:data/op-db/src/db.rs:698] Updated DB Schema to version 011
INFO  2023-09-16T15:00:18.445 ThreadId(18) [1P:data/op-db/src/db.rs:713] Updated DB Schema to version 012
INFO  2023-09-16T15:00:18.457 ThreadId(18) [1P:data/op-db/src/db.rs:727] Updated DB Schema to version 013
INFO  2023-09-16T15:00:18.470 ThreadId(18) [1P:data/op-db/src/db.rs:741] Updated DB Schema to version 014
INFO  2023-09-16T15:00:18.479 ThreadId(18) [1P:data/op-db/src/db.rs:755] Updated DB Schema to version 015
INFO  2023-09-16T15:00:18.488 ThreadId(18) [1P:data/op-db/src/db.rs:769] Updated DB Schema to version 016
INFO  2023-09-16T15:00:18.498 ThreadId(18) [1P:data/op-db/src/db.rs:783] Updated DB Schema to version 017
INFO  2023-09-16T15:00:18.507 ThreadId(18) [1P:data/op-db/src/db.rs:797] Updated DB Schema to version 018
INFO  2023-09-16T15:00:18.520 ThreadId(18) [1P:data/op-db/src/db.rs:811] Updated DB Schema to version 019
INFO  2023-09-16T15:00:18.539 ThreadId(18) [1P:data/op-db/src/db.rs:925] Updated DB Schema to version 021
INFO  2023-09-16T15:00:18.551 ThreadId(18) [1P:data/op-db/src/db.rs:939] Updated DB Schema to version 022
INFO  2023-09-16T15:00:18.564 ThreadId(18) [1P:data/op-db/src/db.rs:953] Updated DB Schema to version 023
INFO  2023-09-16T15:00:18.573 ThreadId(18) [1P:data/op-db/src/db.rs:967] Updated DB Schema to version 024
INFO  2023-09-16T15:00:18.586 ThreadId(18) [1P:data/op-db/src/db.rs:981] Updated DB Schema to version 025
INFO  2023-09-16T15:00:18.595 ThreadId(18) [1P:data/op-db/src/db.rs:1095] Updated DB Schema to version 026
INFO  2023-09-16T15:00:18.608 ThreadId(18) [1P:data/op-db/src/db.rs:1109] Updated DB Schema to version 027
INFO  2023-09-16T15:00:18.618 ThreadId(18) [1P:data/op-db/src/db.rs:1123] Updated DB Schema to version 028
INFO  2023-09-16T15:00:18.628 ThreadId(18) [1P:data/op-db/src/db.rs:1137] Updated DB Schema to version 029
ERROR 2023-09-16T15:00:18.644 ThreadId(18) [1P:ssh/op-ssh-config/src/lib.rs:177] Could not open ssh config file in ~/.ssh/config
ERROR 2023-09-16T15:00:18.644 ThreadId(18) [1P:/builds/dev/core/core/ssh/op-ssh-config/src/lib.rs:137] Failed to start ssh config file watcher: Io(Os { code: 2, kind: NotFound, message: "No such file or directory" })
INFO  2023-09-16T15:00:18.645 tokio-runtime-worker(ThreadId(13)) [1P:native-messaging/op-native-core-integration/src/lib.rs:329] Starting IPC listener on 1Password-BrowserSupport
INFO  2023-09-16T15:00:18.645 invocation_loop(ThreadId(25)) [1P:native-messaging/op-nm-installer/src/nix_utils.rs:48] Creating manifest directory for Chromium at /home/$USER/.config/google-chrome/NativeMessagingHosts
INFO  2023-09-16T15:00:18.645 tokio-runtime-worker(ThreadId(15)) [1P:native-messaging/op-native-core-integration/src/lib.rs:341] Active native core integration is awaiting messages
INFO  2023-09-16T15:00:18.646 invocation_loop(ThreadId(25)) [1P:native-messaging/op-nm-installer/src/nix_utils.rs:68] Created NMH manifest at /home/$USER/.config/google-chrome/NativeMessagingHosts/com.1password.1password.json
INFO  2023-09-16T15:00:18.646 invocation_loop(ThreadId(25)) [1P:native-messaging/op-nm-installer/src/nix_utils.rs:48] Creating manifest directory for Chromium at /home/$USER/.config/google-chrome-beta/NativeMessagingHosts
INFO  2023-09-16T15:00:18.646 invocation_loop(ThreadId(25)) [1P:native-messaging/op-nm-installer/src/nix_utils.rs:68] Created NMH manifest at /home/$USER/.config/google-chrome-beta/NativeMessagingHosts/com.1password.1password.json
INFO  2023-09-16T15:00:18.646 invocation_loop(ThreadId(25)) [1P:native-messaging/op-nm-installer/src/nix_utils.rs:48] Creating manifest directory for Chromium at /home/$USER/.config/google-chrome-unstable/NativeMessagingHosts
INFO  2023-09-16T15:00:18.646 invocation_loop(ThreadId(25)) [1P:native-messaging/op-nm-installer/src/nix_utils.rs:68] Created NMH manifest at /home/$USER/.config/google-chrome-unstable/NativeMessagingHosts/com.1password.1password.json
INFO  2023-09-16T15:00:18.646 invocation_loop(ThreadId(25)) [1P:native-messaging/op-nm-installer/src/nix_utils.rs:48] Creating manifest directory for Chromium at /home/$USER/.config/chromium/NativeMessagingHosts
INFO  2023-09-16T15:00:18.646 invocation_loop(ThreadId(25)) [1P:native-messaging/op-nm-installer/src/nix_utils.rs:68] Created NMH manifest at /home/$USER/.config/chromium/NativeMessagingHosts/com.1password.1password.json
INFO  2023-09-16T15:00:18.646 invocation_loop(ThreadId(25)) [1P:native-messaging/op-nm-installer/src/nix_utils.rs:48] Creating manifest directory for Chromium at /home/$USER/.config/microsoft-edge-dev/NativeMessagingHosts
INFO  2023-09-16T15:00:18.646 invocation_loop(ThreadId(25)) [1P:native-messaging/op-nm-installer/src/nix_utils.rs:68] Created NMH manifest at /home/$USER/.config/microsoft-edge-dev/NativeMessagingHosts/com.1password.1password.json
INFO  2023-09-16T15:00:18.646 invocation_loop(ThreadId(25)) [1P:native-messaging/op-nm-installer/src/nix_utils.rs:48] Creating manifest directory for Chromium at /home/$USER/.config/BraveSoftware/Brave-Browser/NativeMessagingHosts
INFO  2023-09-16T15:00:18.646 invocation_loop(ThreadId(25)) [1P:native-messaging/op-nm-installer/src/nix_utils.rs:68] Created NMH manifest at /home/$USER/.config/BraveSoftware/Brave-Browser/NativeMessagingHosts/com.1password.1password.json
INFO  2023-09-16T15:00:18.646 invocation_loop(ThreadId(25)) [1P:native-messaging/op-nm-installer/src/nix_utils.rs:48] Creating manifest directory for Chromium at /home/$USER/.config/vivaldi/NativeMessagingHosts
INFO  2023-09-16T15:00:18.646 invocation_loop(ThreadId(25)) [1P:native-messaging/op-nm-installer/src/nix_utils.rs:68] Created NMH manifest at /home/$USER/.config/vivaldi/NativeMessagingHosts/com.1password.1password.json
INFO  2023-09-16T15:00:18.646 invocation_loop(ThreadId(25)) [1P:native-messaging/op-nm-installer/src/nix_utils.rs:48] Creating manifest directory for Chromium at /home/$USER/.config/vivaldi-snapshot/NativeMessagingHosts
INFO  2023-09-16T15:00:18.646 invocation_loop(ThreadId(25)) [1P:native-messaging/op-nm-installer/src/nix_utils.rs:68] Created NMH manifest at /home/$USER/.config/vivaldi-snapshot/NativeMessagingHosts/com.1password.1password.json
INFO  2023-09-16T15:00:18.646 invocation_loop(ThreadId(25)) [1P:native-messaging/op-nm-installer/src/nix_utils.rs:48] Creating manifest directory for Firefox at /home/$USER/.mozilla/native-messaging-hosts
INFO  2023-09-16T15:00:18.646 invocation_loop(ThreadId(25)) [1P:native-messaging/op-nm-installer/src/nix_utils.rs:68] Created NMH manifest at /home/$USER/.mozilla/native-messaging-hosts/com.1password.1password.json
INFO  2023-09-16T15:00:18.646 invocation_loop(ThreadId(25)) [1P:native-messaging/op-nm-installer/src/nix_utils.rs:83] Successfully installed all native messaging manifests.
INFO  2023-09-16T15:00:18.647 tokio-runtime-worker(ThreadId(13)) [1P:ssh/op-agent-controller/src/desktop.rs:438] Starting filesystem watcher for SSH agent configuration directories...
ERROR 2023-09-16T15:00:18.647 tokio-runtime-worker(ThreadId(13)) [1P:/builds/dev/core/core/ssh/op-agent-controller/src/desktop.rs:439] Io(Os { code: 2, kind: NotFound, message: "No such file or directory" })
ERROR 2023-09-16T15:00:18.676 ThreadId(18) [client:typescript] Could not load window state.
INFO  2023-09-16T15:03:35.746 tokio-runtime-worker(ThreadId(13)) [1P:op-b5-client/src/internal/unauthorized_session.rs:851] Registered device 4ofnbzab3f3efhz4tc74lg3faa
ERROR 2023-09-16T15:03:36.625 tokio-runtime-worker(ThreadId(13)) [1P:op-app/src/app/backend/signin.rs:572] error signing in from data layer: UnableToCreateClient(FetchError(post_auth_verify, code: HttpStatus(401), Session ID: Some(OL7MZMAJ)))
ERROR 2023-09-16T15:03:36.626 tokio-runtime-worker(ThreadId(13)) [1P:/builds/dev/core/core/op-signin/src/lib.rs:699] error signing in from data layer: other error
ERROR 2023-09-16T15:03:36.626 tokio-runtime-worker(ThreadId(13)) [1P:/builds/dev/core/core/ui/op-signin-ui/src/handlers.rs:1533] Error signing in: other error
ERROR 2023-09-16T15:04:15.475 tokio-runtime-worker(ThreadId(15)) [1P:op-app/src/app/backend/signin.rs:572] error signing in from data layer: UnableToCreateClient(FetchError(post_auth_verify, code: HttpStatus(401), Session ID: Some(XS34NBRF)))
ERROR 2023-09-16T15:04:15.475 tokio-runtime-worker(ThreadId(15)) [1P:/builds/dev/core/core/op-signin/src/lib.rs:699] error signing in from data layer: other error
ERROR 2023-09-16T15:04:15.475 tokio-runtime-worker(ThreadId(15)) [1P:/builds/dev/core/core/ui/op-signin-ui/src/handlers.rs:1533] Error signing in: other error
INFO  2023-09-16T15:04:22.283 tokio-runtime-worker(ThreadId(15)) [1P:op-b5-client/src/internal/unauthorized_session.rs:1048] Skipping MFA because server did not return MFA config
INFO  2023-09-16T15:04:22.284 tokio-runtime-worker(ThreadId(15)) [1P:data/op-add-account/src/first_sync.rs:405] starting initial account sync
INFO  2023-09-16T15:04:24.832 tokio-runtime-worker(ThreadId(13)) [1P:op-syncer/src/sync_job.rs:315] synced account 753HSVR54BGHDPQ2XMEZKMXEWU (2.547619299s)
INFO  2023-09-16T15:04:24.881 tokio-runtime-worker(ThreadId(15)) [1P:data/ext/op-account-ext-items/src/lib.rs:236] loaded 0 items in 5 vaults for account: 753HSVR54BGHDPQ2XMEZKMXEWU
INFO  2023-09-16T15:04:24.882 tokio-runtime-worker(ThreadId(7)) [1P:op-app/src/app/backend/load.rs:306] starting refresher task during initial account sign-in
INFO  2023-09-16T15:04:24.882 tokio-runtime-worker(ThreadId(15)) [1P:data/ext/op-account-ext-settings-authentication/src/lib.rs:210] No and/or corrupt account setting authentication key, generating a new one.
INFO  2023-09-16T15:04:24.882 tokio-runtime-worker(ThreadId(15)) [1P:data/ext/op-account-ext-settings-authentication/src/lib.rs:226] Applying existing setting authentication key to account.
INFO  2023-09-16T15:04:24.883 tokio-runtime-worker(ThreadId(15)) [1P:op-app/src/app/backend/unlock.rs:116] Lock state changed: Unlocked
INFO  2023-09-16T15:04:24.883 tokio-runtime-worker(ThreadId(15)) [1P:op-app/src/app/backend/unlock.rs:167] Processing unlocked account 753HSVR54BGHDPQ2XMEZKMXEWU
INFO  2023-09-16T15:04:24.883 tokio-runtime-worker(ThreadId(7)) [1P:op-settings/src/store/json_store.rs:117] Settings file "/home/$USER/.config/1Password/settings/settings.json" missing, using defaults.
INFO  2023-09-16T15:04:24.883 tokio-runtime-worker(ThreadId(13)) [1P:op-app/src/app/backend/load.rs:315] refreshing ui for pending sign-in
INFO  2023-09-16T15:04:25.101 tokio-runtime-worker(ThreadId(7)) [1P:op-app/src/app/backend/signin.rs:690] cancelling a sign in session
INFO  2023-09-16T15:04:25.102 ThreadId(22) [1P:data/op-db/src/db.rs:332] vacuuming db
INFO  2023-09-16T15:04:25.907 tokio-runtime-worker(ThreadId(2)) [1P:data/ext/op-account-ext-syncer/src/lib.rs:259] The B5 Notifier for (753HSVR54BGHDPQ2XMEZKMXEWU) has connected, now monitoring for events.
INFO  2023-09-16T15:04:27.849 tokio-runtime-worker(ThreadId(7)) [1P:op-syncer/src/sync_job.rs:315] synced account 753HSVR54BGHDPQ2XMEZKMXEWU (2.967424755s)
INFO  2023-09-16T15:04:27.850 tokio-runtime-worker(ThreadId(2)) [1P:data/op-file-transfer/src/lib.rs:563] find_and_complete_pending_uploads: '753HSVR54BGHDPQ2XMEZKMXEWU'
INFO  2023-09-16T15:04:27.850 tokio-runtime-worker(ThreadId(6)) [1P:op-app/src/app/backend/load.rs:320] shutting down refresher task
INFO  2023-09-16T15:04:28.117 tokio-runtime-worker(ThreadId(15)) [1P:op-syncer/src/sync_job.rs:315] synced account 753HSVR54BGHDPQ2XMEZKMXEWU (0.266530315s)
INFO  2023-09-16T15:04:30.482 tokio-runtime-worker(ThreadId(11)) [1P:data/op-account-system-unlock/src/lib.rs:520] Adding system unlock key. Verifying keysets can be decrypted.
INFO  2023-09-16T15:04:30.483 tokio-runtime-worker(ThreadId(11)) [1P:data/op-account-system-unlock/src/lib.rs:526] Adding system unlock key. Encrypting muk.
INFO  2023-09-16T15:04:30.484 ThreadId(22) [1P:data/op-account-system-unlock/src/lib.rs:532] Adding system unlock key. Updating account.
INFO  2023-09-16T15:07:12.650 tokio-runtime-worker(ThreadId(10)) [1P:native-messaging/op-native-core-integration/src/lib.rs:407] Extension connecting.
INFO  2023-09-16T15:07:12.650 tokio-runtime-worker(ThreadId(10)) [1P:native-messaging/op-native-core-integration/src/lib.rs:409] Extension connection accepted.
INFO  2023-09-16T15:08:55.269 invocation_loop(ThreadId(25)) [1P:op-app/src/app/backend/frontend.rs:22] Front end event: window closed
ERROR 2023-09-16T15:10:01.028 tokio-runtime-worker(ThreadId(10)) [1P:native-messaging/op-native-core-integration/src/connection_handler.rs:62] message from b5x was None: EndConnection
ERROR 2023-09-16T15:10:01.028 tokio-runtime-worker(ThreadId(10)) [1P:native-messaging/op-native-core-integration/src/connection_handler.rs:31] Dropping connection with b5x due to error handling incoming message: EndConnection
INFO  2023-09-16T15:10:03.091 tokio-runtime-worker(ThreadId(10)) [1P:native-messaging/op-native-core-integration/src/lib.rs:407] Extension connecting.
INFO  2023-09-16T15:10:03.091 tokio-runtime-worker(ThreadId(10)) [1P:native-messaging/op-native-core-integration/src/lib.rs:409] Extension connection accepted.
ERROR 2023-09-16T15:19:29.130 tokio-runtime-worker(ThreadId(10)) [1P:native-messaging/op-native-core-integration/src/connection_handler.rs:62] message from b5x was None: EndConnection
ERROR 2023-09-16T15:19:29.130 tokio-runtime-worker(ThreadId(10)) [1P:native-messaging/op-native-core-integration/src/connection_handler.rs:31] Dropping connection with b5x due to error handling incoming message: EndConnection
