INFO  2023-09-16T17:07:01.363 ThreadId(18) [client:typescript] Client starting.
INFO  2023-09-16T17:07:01.456 ThreadId(18) [1P:op-localization/src/lib.rs:227] system locale detected as 'en-US'
INFO  2023-09-16T17:07:01.456 ThreadId(18) [1P:op-localization/src/lib.rs:253] selected translations for EN_US based on detected locale en-US
INFO  2023-09-16T17:07:01.457 ThreadId(18) [status:op-app/src/app.rs:532] App::new(1Password for Linux/81015001 (EN_US), /home/$USER/.config/1Password/1password.sqlite)
INFO  2023-09-16T17:07:01.464 ThreadId(18) [1P:data/op-db/src/db.rs:446] Table Integrity Check Succeeded
INFO  2023-09-16T17:07:01.464 ThreadId(18) [1P:data/op-db/src/db.rs:462] DB Integrity Check Succeeded
INFO  2023-09-16T17:07:01.464 ThreadId(18) [1P:data/op-db/src/db.rs:137] Starting DB at version: 29
ERROR 2023-09-16T17:07:01.472 ThreadId(18) [1P:ssh/op-ssh-config/src/lib.rs:177] Could not open ssh config file in ~/.ssh/config
ERROR 2023-09-16T17:07:01.473 ThreadId(18) [1P:/builds/dev/core/core/ssh/op-ssh-config/src/lib.rs:137] Failed to start ssh config file watcher: Io(Os { code: 2, kind: NotFound, message: "No such file or directory" })
INFO  2023-09-16T17:07:01.478 tokio-runtime-worker(ThreadId(4)) [1P:native-messaging/op-native-core-integration/src/lib.rs:329] Starting IPC listener on 1Password-BrowserSupport
INFO  2023-09-16T17:07:01.478 tokio-runtime-worker(ThreadId(4)) [1P:native-messaging/op-native-core-integration/src/lib.rs:341] Active native core integration is awaiting messages
INFO  2023-09-16T17:07:01.482 invocation_loop(ThreadId(25)) [1P:native-messaging/op-nm-installer/src/nix_utils.rs:68] Created NMH manifest at /home/$USER/.config/google-chrome/NativeMessagingHosts/com.1password.1password.json
INFO  2023-09-16T17:07:01.482 invocation_loop(ThreadId(25)) [1P:native-messaging/op-nm-installer/src/nix_utils.rs:68] Created NMH manifest at /home/$USER/.config/google-chrome-beta/NativeMessagingHosts/com.1password.1password.json
INFO  2023-09-16T17:07:01.482 invocation_loop(ThreadId(25)) [1P:native-messaging/op-nm-installer/src/nix_utils.rs:68] Created NMH manifest at /home/$USER/.config/google-chrome-unstable/NativeMessagingHosts/com.1password.1password.json
INFO  2023-09-16T17:07:01.482 invocation_loop(ThreadId(25)) [1P:native-messaging/op-nm-installer/src/nix_utils.rs:68] Created NMH manifest at /home/$USER/.config/chromium/NativeMessagingHosts/com.1password.1password.json
INFO  2023-09-16T17:07:01.482 invocation_loop(ThreadId(25)) [1P:native-messaging/op-nm-installer/src/nix_utils.rs:68] Created NMH manifest at /home/$USER/.config/microsoft-edge-dev/NativeMessagingHosts/com.1password.1password.json
INFO  2023-09-16T17:07:01.482 invocation_loop(ThreadId(25)) [1P:native-messaging/op-nm-installer/src/nix_utils.rs:68] Created NMH manifest at /home/$USER/.config/BraveSoftware/Brave-Browser/NativeMessagingHosts/com.1password.1password.json
INFO  2023-09-16T17:07:01.482 invocation_loop(ThreadId(25)) [1P:native-messaging/op-nm-installer/src/nix_utils.rs:68] Created NMH manifest at /home/$USER/.config/vivaldi/NativeMessagingHosts/com.1password.1password.json
INFO  2023-09-16T17:07:01.482 invocation_loop(ThreadId(25)) [1P:native-messaging/op-nm-installer/src/nix_utils.rs:68] Created NMH manifest at /home/$USER/.config/vivaldi-snapshot/NativeMessagingHosts/com.1password.1password.json
INFO  2023-09-16T17:07:01.482 invocation_loop(ThreadId(25)) [1P:native-messaging/op-nm-installer/src/nix_utils.rs:68] Created NMH manifest at /home/$USER/.mozilla/native-messaging-hosts/com.1password.1password.json
INFO  2023-09-16T17:07:01.483 invocation_loop(ThreadId(25)) [1P:native-messaging/op-nm-installer/src/nix_utils.rs:83] Successfully installed all native messaging manifests.
INFO  2023-09-16T17:07:01.485 tokio-runtime-worker(ThreadId(3)) [1P:ssh/op-agent-controller/src/desktop.rs:438] Starting filesystem watcher for SSH agent configuration directories...
ERROR 2023-09-16T17:07:01.485 tokio-runtime-worker(ThreadId(3)) [1P:/builds/dev/core/core/ssh/op-agent-controller/src/desktop.rs:439] Io(Os { code: 2, kind: NotFound, message: "No such file or directory" })
INFO  2023-09-16T17:07:01.782 invocation_loop(ThreadId(25)) [1P:op-app/src/app/backend/lock_screen.rs:75] System unlock is enabled: true
INFO  2023-09-16T17:07:01.788 tokio-runtime-worker(ThreadId(3)) [1P:op-app/src/app/backend/lock_screen.rs:91] Sys auth status NotSetup
INFO  2023-09-16T17:07:05.359 invocation_loop(ThreadId(25)) [1P:op-app/src/app/backend/lock_screen.rs:75] System unlock is enabled: true
INFO  2023-09-16T17:07:05.408 tokio-runtime-worker(ThreadId(3)) [1P:data/ext/op-account-ext-items/src/lib.rs:236] loaded 473 items in 5 vaults for account: 753HSVR54BGHDPQ2XMEZKMXEWU
INFO  2023-09-16T17:07:05.411 tokio-runtime-worker(ThreadId(14)) [1P:op-app/src/app/backend/unlock.rs:116] Lock state changed: Unlocked
INFO  2023-09-16T17:07:05.412 tokio-runtime-worker(ThreadId(14)) [1P:op-app/src/app/backend/unlock.rs:167] Processing unlocked account 753HSVR54BGHDPQ2XMEZKMXEWU
INFO  2023-09-16T17:07:05.484 tokio-runtime-worker(ThreadId(11)) [1P:data/op-account-system-unlock/src/lib.rs:520] Adding system unlock key. Verifying keysets can be decrypted.
INFO  2023-09-16T17:07:05.486 tokio-runtime-worker(ThreadId(11)) [1P:data/op-account-system-unlock/src/lib.rs:526] Adding system unlock key. Encrypting muk.
INFO  2023-09-16T17:07:05.486 ThreadId(22) [1P:data/op-account-system-unlock/src/lib.rs:532] Adding system unlock key. Updating account.
INFO  2023-09-16T17:07:07.333 tokio-runtime-worker(ThreadId(3)) [1P:op-b5-client/src/internal/unauthorized_session.rs:1048] Skipping MFA because server did not return MFA config
INFO  2023-09-16T17:07:08.161 tokio-runtime-worker(ThreadId(2)) [1P:op-syncer/src/sync_job.rs:315] synced account 753HSVR54BGHDPQ2XMEZKMXEWU (0.825115303s)
INFO  2023-09-16T17:07:08.162 tokio-runtime-worker(ThreadId(14)) [1P:data/op-file-transfer/src/lib.rs:563] find_and_complete_pending_uploads: '753HSVR54BGHDPQ2XMEZKMXEWU'
INFO  2023-09-16T17:07:08.377 tokio-runtime-worker(ThreadId(11)) [1P:data/ext/op-account-ext-syncer/src/lib.rs:259] The B5 Notifier for (753HSVR54BGHDPQ2XMEZKMXEWU) has connected, now monitoring for events.
ERROR 2023-09-16T17:07:11.076 ThreadId(18) [client:typescript] Could not load window state.
ERROR 2023-09-16T17:07:25.075 tokio-runtime-worker(ThreadId(7)) [1P:op-app/src/app/backend.rs:289] AppError at op-app/src/app/backend/search.rs:59:17
Item list call aborted by a new call

Stack backtrace:
   0: op_executor::spawn_no_span::{{closure}}
   1: tokio::loom::std::unsafe_cell::UnsafeCell<T>::with_mut
   2: std::panicking::try
   3: tokio::runtime::task::harness::Harness<T,S>::poll
   4: tokio::runtime::scheduler::multi_thread::worker::Context::run_task
   5: tokio::runtime::scheduler::multi_thread::worker::Context::run
   6: tokio::macros::scoped_tls::ScopedKey<T>::set
   7: tokio::runtime::scheduler::multi_thread::worker::run
   8: tokio::loom::std::unsafe_cell::UnsafeCell<T>::with_mut
   9: std::panicking::try
  10: tokio::runtime::task::harness::Harness<T,S>::poll
  11: tokio::runtime::blocking::pool::Inner::run
  12: std::sys_common::backtrace::__rust_begin_short_backtrace
  13: core::ops::function::FnOnce::call_once{{vtable.shim}}
  14: <alloc::boxed::Box<F,A> as core::ops::function::FnOnce<Args>>::call_once
             at /rustc/90c541806f23a127002de5b4038be731ba1458ca/library/alloc/src/boxed.rs:1973:9
      <alloc::boxed::Box<F,A> as core::ops::function::FnOnce<Args>>::call_once
             at /rustc/90c541806f23a127002de5b4038be731ba1458ca/library/alloc/src/boxed.rs:1973:9
      std::sys::unix::thread::Thread::new::thread_start
             at /rustc/90c541806f23a127002de5b4038be731ba1458ca/library/std/src/sys/unix/thread.rs:108:17
  15: <unknown>
  16: <unknown>

INFO  2023-09-16T17:07:25.090 tokio-runtime-worker(ThreadId(2)) [1P:ssh/op-agent-controller/src/desktop.rs:609] SSH Agent has started.
INFO  2023-09-16T17:09:35.986 tokio-runtime-worker(ThreadId(2)) [1P:native-messaging/op-native-core-integration/src/lib.rs:407] Extension connecting.
INFO  2023-09-16T17:09:35.986 tokio-runtime-worker(ThreadId(2)) [1P:native-messaging/op-native-core-integration/src/lib.rs:409] Extension connection accepted.
INFO  2023-09-16T17:12:02.372 tokio-runtime-worker(ThreadId(16)) [1P:data/op-file-transfer/src/lib.rs:320] downloading: '/home/$USER/.config/1Password/files/753HSVR54BGHDPQ2XMEZKMXEWU/w4saxp3g6rc5aqqfz7fyiz4tam.download'
INFO  2023-09-16T17:12:10.013 tokio-runtime-worker(ThreadId(2)) [1P:data/op-file-transfer/src/lib.rs:320] downloading: '/home/$USER/.config/1Password/files/753HSVR54BGHDPQ2XMEZKMXEWU/tqtq4oqbbbycnxjdb2crkvsije.download'
INFO  2023-09-16T17:15:08.131 tokio-runtime-worker(ThreadId(71)) [1P:foundation/op-system-auth/src/lib.rs:291] Biometry is available for 1 or more accounts
INFO  2023-09-16T17:15:11.627 invocation_loop(ThreadId(25)) [1P:op-app/src/app/backend/auth_prompt.rs:46] invoked auth prompt unlock
ERROR 2023-09-16T17:15:14.087 tokio-runtime-worker(ThreadId(16)) [1P:foundation/op-system-auth/src/auk_protect.rs:272] Failed to retrieve secret from enclave EnclaveError(UnknownId)
ERROR 2023-09-16T17:15:14.087 tokio-runtime-worker(ThreadId(16)) [1P:foundation/op-system-auth/src/auk_protect.rs:272] Failed to retrieve secret from enclave EnclaveError(UnknownId)
INFO  2023-09-16T17:16:45.648 invocation_loop(ThreadId(25)) [1P:op-app/src/app/backend/frontend.rs:22] Front end event: window closed
ERROR 2023-09-16T17:17:26.007 tokio-runtime-worker(ThreadId(3)) [1P:native-messaging/op-native-core-integration/src/connection_handler.rs:62] message from b5x was None: EndConnection
ERROR 2023-09-16T17:17:26.007 tokio-runtime-worker(ThreadId(3)) [1P:native-messaging/op-native-core-integration/src/connection_handler.rs:31] Dropping connection with b5x due to error handling incoming message: EndConnection
INFO  2023-09-16T17:17:26.173 tokio-runtime-worker(ThreadId(3)) [1P:native-messaging/op-native-core-integration/src/lib.rs:407] Extension connecting.
INFO  2023-09-16T17:17:26.173 tokio-runtime-worker(ThreadId(3)) [1P:native-messaging/op-native-core-integration/src/lib.rs:409] Extension connection accepted.
ERROR 2023-09-16T17:17:55.452 tokio-runtime-worker(ThreadId(16)) [1P:native-messaging/op-native-core-integration/src/connection_handler.rs:62] message from b5x was None: EndConnection
ERROR 2023-09-16T17:17:55.452 tokio-runtime-worker(ThreadId(16)) [1P:native-messaging/op-native-core-integration/src/connection_handler.rs:31] Dropping connection with b5x due to error handling incoming message: EndConnection
INFO  2023-09-16T17:18:25.699 tokio-runtime-worker(ThreadId(16)) [1P:native-messaging/op-native-core-integration/src/lib.rs:407] Extension connecting.
INFO  2023-09-16T17:18:25.699 tokio-runtime-worker(ThreadId(16)) [1P:native-messaging/op-native-core-integration/src/lib.rs:409] Extension connection accepted.
ERROR 2023-09-16T17:18:25.925 tokio-runtime-worker(ThreadId(16)) [1P:native-messaging/op-native-core-integration/src/connection_handler.rs:62] message from b5x was None: EndConnection
ERROR 2023-09-16T17:18:25.925 tokio-runtime-worker(ThreadId(16)) [1P:native-messaging/op-native-core-integration/src/connection_handler.rs:31] Dropping connection with b5x due to error handling incoming message: EndConnection
INFO  2023-09-16T17:18:26.700 tokio-runtime-worker(ThreadId(2)) [1P:native-messaging/op-native-core-integration/src/lib.rs:407] Extension connecting.
ERROR 2023-09-16T17:18:26.700 tokio-runtime-worker(ThreadId(2)) [1P:native-messaging/op-native-core-integration/src/lib.rs:601] Failed to accept new connection.: PipeAuthError(UnknownPeer(ProcessDoesNotExist(35746)))
INFO  2023-09-16T17:18:27.702 tokio-runtime-worker(ThreadId(2)) [1P:native-messaging/op-native-core-integration/src/lib.rs:407] Extension connecting.
ERROR 2023-09-16T17:18:27.702 tokio-runtime-worker(ThreadId(2)) [1P:native-messaging/op-native-core-integration/src/lib.rs:601] Failed to accept new connection.: PipeAuthError(UnknownPeer(ProcessDoesNotExist(35764)))
